Exporter version: 6.4.1, Blender version: 2.81 (sub 16)
========= Conversion from Blender to Babylon.js =========
	Scene settings used :
		Inline textures     :  false
		Material Type       :  PBR
		Positions Precision :  4
		Normals Precision   :  3
		UVs Precision       :  3
		Vert Color Precision:  3
		Mat Weight Precision:  2
		Keep Z-up r-handed  :  no
		Texture directory   :  C:\dev\pg\krunker\revolver\
	Python World class constructor completed
	WARNING: No active camera has been assigned, or is not in a currently selected Blender layer
	processing begun of mesh:  Cube.008_Cube.003
		processing begun of material:  Material.001
		Custom split normals with tangents being used
		num positions      :  2695
		num normals        :  2695
		num tangents       :  10780
		num uvs            :  5390
		num uvs2           :  0
		num colors         :  0
		num triangles      :  2081
========= Writing of JSON file started =========
	writing mesh:  Cube.008_Cube.003
========= Writing of JSON file completed =========
========= end of processing =========
elapsed time:  0 min, 0.1996 secs
