Exporter version: 6.4.1, Blender version: 2.81 (sub 16)
========= Conversion from Blender to Babylon.js =========
	Scene settings used :
		Inline textures     :  false
		Material Type       :  PBR
		Positions Precision :  4
		Normals Precision   :  3
		UVs Precision       :  3
		Vert Color Precision:  3
		Mat Weight Precision:  2
		Keep Z-up r-handed  :  no
		Texture directory   :  C:\dev\pg\krunker\smg\
	Python World class constructor completed
	WARNING: No active camera has been assigned, or is not in a currently selected Blender layer
	processing begun of mesh:  Grip_Cube.040
		processing begun of material:  Material.002
		Custom split normals with tangents being used
		num positions      :  3569
		num normals        :  3569
		num tangents       :  14276
		num uvs            :  7138
		num uvs2           :  0
		num colors         :  0
		num triangles      :  1867
========= Writing of JSON file started =========
	writing mesh:  Grip_Cube.040
========= Writing of JSON file completed =========
========= end of processing =========
elapsed time:  0 min, 0.1801 secs
