Exporter version: 6.3.1, Blender version: 2.81 (sub 16)
========= Conversion from Blender to Babylon.js =========
	Scene settings used :
		Inline textures     :  false
		Material Type       :  PBR
		Positions Precision :  4
		Normals Precision   :  3
		UVs Precision       :  3
		Vert Color Precision:  3
		Mat Weight Precision:  2
		Keep Z-up r-handed  :  no
		Texture directory   :  C:\dev\regna\client\dist\res\models\krunker\ak47\
	Python World class constructor completed
	WARNING: No active camera has been assigned, or is not in a currently selected Blender layer
	processing begun of mesh:  Cube.001
		processing begun of material:  Material.001
		Custom split normals with tangents being used
		num positions      :  4517
		num normals        :  4517
		num tangents       :  18068
		num uvs            :  9034
		num uvs2           :  0
		num colors         :  0
		num indices        :  9984
========= Writing of JSON file started =========
	writing mesh:  Cube.001
========= Writing of JSON file completed =========
========= end of processing =========
elapsed time:  0 min, 0.3053 secs
